# JRE version: Java(TM) SE Runtime Environment (16.0.1+9) (build 16.0.1+9-24)
# Java VM: Java HotSpot(TM) 64-Bit Server VM (16.0.1+9-24, mixed mode, sharing, tiered, compressed oops, compressed class ptrs, g1 gc, windows-amd64)
GC Precious Log:
 CPUs: 8 total, 8 available
 Memory: 7967M
 Large Page Support: Disabled
 NUMA Support: Disabled
 Compressed Oops: Enabled (32-bit)
 Heap Region Size: 1M
 Heap Min Capacity: 8M
 Heap Initial Capacity: 126M
 Heap Max Capacity: 2G
 Pre-touch: Disabled
 Parallel Workers: 8
 Concurrent Workers: 2
 Concurrent Refinement Workers: 8
 Periodic GC: Disabled
Heap:
 garbage-first heap   total 393216K, used 250027K [0x0000000080000000, 0x0000000100000000)
  region size 1024K, 42 young (43008K), 13 survivors (13312K)
 Metaspace       used 121642K, committed 123200K, reserved 536576K
  class space    used 16094K, committed 16832K, reserved 421888K
GC Heap History (20 events):
Event: 75.364 GC heap before
{Heap before GC invocations=55 (full 0):
 garbage-first heap   total 301056K, used 207204K [0x0000000080000000, 0x0000000100000000)
  region size 1024K, 42 young (43008K), 7 survivors (7168K)
 Metaspace       used 95156K, committed 96448K, reserved 512000K
  class space    used 12924K, committed 13504K, reserved 421888K
}
Event: 75.395 GC heap after
{Heap after GC invocations=56 (full 0):
 garbage-first heap   total 301056K, used 178123K [0x0000000080000000, 0x0000000100000000)
  region size 1024K, 5 young (5120K), 5 survivors (5120K)
 Metaspace       used 95156K, committed 96448K, reserved 512000K
  class space    used 12924K, committed 13504K, reserved 421888K
}
Event: 76.829 GC heap before
{Heap before GC invocations=57 (full 0):
 garbage-first heap   total 307200K, used 245707K [0x0000000080000000, 0x0000000100000000)
  region size 1024K, 67 young (68608K), 5 survivors (5120K)
 Metaspace       used 100275K, committed 101568K, reserved 512000K
  class space    used 13607K, committed 14208K, reserved 421888K
}
Event: 76.841 GC heap after
{Heap after GC invocations=58 (full 0):
 garbage-first heap   total 307200K, used 189859K [0x0000000080000000, 0x0000000100000000)
  region size 1024K, 9 young (9216K), 9 survivors (9216K)
 Metaspace       used 100275K, committed 101568K, reserved 512000K
  class space    used 13607K, committed 14208K, reserved 421888K
}
Event: 78.638 GC heap before
{Heap before GC invocations=58 (full 0):
 garbage-first heap   total 307200K, used 250275K [0x0000000080000000, 0x0000000100000000)
  region size 1024K, 68 young (69632K), 9 survivors (9216K)
 Metaspace       used 102588K, committed 103936K, reserved 512000K
  class space    used 13860K, committed 14464K, reserved 421888K
}
Event: 78.658 GC heap after
{Heap after GC invocations=59 (full 0):
 garbage-first heap   total 307200K, used 195309K [0x0000000080000000, 0x0000000100000000)
  region size 1024K, 5 young (5120K), 5 survivors (5120K)
 Metaspace       used 102588K, committed 103936K, reserved 512000K
  class space    used 13860K, committed 14464K, reserved 421888K
}
Event: 80.380 GC heap before
{Heap before GC invocations=60 (full 0):
 garbage-first heap   total 337920K, used 251629K [0x0000000080000000, 0x0000000100000000)
  region size 1024K, 60 young (61440K), 5 survivors (5120K)
 Metaspace       used 105402K, committed 106816K, reserved 520192K
  class space    used 14220K, committed 14848K, reserved 421888K
}
Event: 80.397 GC heap after
{Heap after GC invocations=61 (full 0):
 garbage-first heap   total 337920K, used 201505K [0x0000000080000000, 0x0000000100000000)
  region size 1024K, 6 young (6144K), 6 survivors (6144K)
 Metaspace       used 105402K, committed 106816K, reserved 520192K
  class space    used 14220K, committed 14848K, reserved 421888K
}
Event: 81.440 GC heap before
{Heap before GC invocations=61 (full 0):
 garbage-first heap   total 337920K, used 237345K [0x0000000080000000, 0x0000000100000000)
  region size 1024K, 43 young (44032K), 6 survivors (6144K)
 Metaspace       used 106409K, committed 107776K, reserved 520192K
  class space    used 14302K, committed 14912K, reserved 421888K
}
Event: 81.451 GC heap after
{Heap after GC invocations=62 (full 0):
 garbage-first heap   total 337920K, used 204522K [0x0000000080000000, 0x0000000100000000)
  region size 1024K, 4 young (4096K), 4 survivors (4096K)
 Metaspace       used 106409K, committed 107776K, reserved 520192K
  class space    used 14302K, committed 14912K, reserved 421888K
}
Event: 84.572 GC heap before
{Heap before GC invocations=63 (full 0):
 garbage-first heap   total 352256K, used 277226K [0x0000000080000000, 0x0000000100000000)
  region size 1024K, 74 young (75776K), 4 survivors (4096K)
 Metaspace       used 115162K, committed 116672K, reserved 528384K
  class space    used 15270K, committed 15936K, reserved 421888K
}
Event: 84.585 GC heap after
{Heap after GC invocations=64 (full 0):
 garbage-first heap   total 352256K, used 212075K [0x0000000080000000, 0x0000000100000000)
  region size 1024K, 10 young (10240K), 10 survivors (10240K)
 Metaspace       used 115162K, committed 116672K, reserved 528384K
  class space    used 15270K, committed 15936K, reserved 421888K
}
Event: 86.743 GC heap before
{Heap before GC invocations=64 (full 0):
 garbage-first heap   total 352256K, used 286827K [0x0000000080000000, 0x0000000100000000)
  region size 1024K, 84 young (86016K), 10 survivors (10240K)
 Metaspace       used 116194K, committed 117696K, reserved 528384K
  class space    used 15420K, committed 16128K, reserved 421888K
}
Event: 86.764 GC heap after
{Heap after GC invocations=65 (full 0):
 garbage-first heap   total 352256K, used 221131K [0x0000000080000000, 0x0000000100000000)
  region size 1024K, 9 young (9216K), 9 survivors (9216K)
 Metaspace       used 116194K, committed 117696K, reserved 528384K
  class space    used 15420K, committed 16128K, reserved 421888K
}
Event: 89.366 GC heap before
{Heap before GC invocations=66 (full 0):
 garbage-first heap   total 393216K, used 286667K [0x0000000080000000, 0x0000000100000000)
  region size 1024K, 74 young (75776K), 9 survivors (9216K)
 Metaspace       used 119776K, committed 121344K, reserved 528384K
  class space    used 15924K, committed 16640K, reserved 421888K
}
Event: 89.378 GC heap after
{Heap after GC invocations=67 (full 0):
 garbage-first heap   total 393216K, used 225045K [0x0000000080000000, 0x0000000100000000)
  region size 1024K, 7 young (7168K), 7 survivors (7168K)
 Metaspace       used 119776K, committed 121344K, reserved 528384K
  class space    used 15924K, committed 16640K, reserved 421888K
}
Event: 90.023 GC heap before
{Heap before GC invocations=67 (full 0):
 garbage-first heap   total 393216K, used 237333K [0x0000000080000000, 0x0000000100000000)
  region size 1024K, 19 young (19456K), 7 survivors (7168K)
 Metaspace       used 120098K, committed 121664K, reserved 528384K
  class space    used 15964K, committed 16640K, reserved 421888K
}
Event: 90.065 GC heap after
{Heap after GC invocations=68 (full 0):
 garbage-first heap   total 393216K, used 210422K [0x0000000080000000, 0x0000000100000000)
  region size 1024K, 3 young (3072K), 3 survivors (3072K)
 Metaspace       used 120098K, committed 121664K, reserved 528384K
  class space    used 15964K, committed 16640K, reserved 421888K
}
Event: 91.574 GC heap before
{Heap before GC invocations=68 (full 0):
 garbage-first heap   total 393216K, used 321014K [0x0000000080000000, 0x0000000100000000)
  region size 1024K, 112 young (114688K), 3 survivors (3072K)
 Metaspace       used 121570K, committed 123200K, reserved 536576K
  class space    used 16093K, committed 16832K, reserved 421888K
}
Event: 91.594 GC heap after
{Heap after GC invocations=69 (full 0):
 garbage-first heap   total 393216K, used 221355K [0x0000000080000000, 0x0000000100000000)
  region size 1024K, 13 young (13312K), 13 survivors (13312K)
 Metaspace       used 121570K, committed 123200K, reserved 536576K
  class space    used 16093K, committed 16832K, reserved 421888K
}

