# JRE version: Java(TM) SE Runtime Environment (16.0.1+9) (build 16.0.1+9-24)
# Java VM: Java HotSpot(TM) 64-Bit Server VM (16.0.1+9-24, mixed mode, sharing, tiered, compressed oops, compressed class ptrs, g1 gc, windows-amd64)
GC Precious Log:
 CPUs: 8 total, 8 available
 Memory: 7967M
 Large Page Support: Disabled
 NUMA Support: Disabled
 Compressed Oops: Enabled (32-bit)
 Heap Region Size: 1M
 Heap Min Capacity: 8M
 Heap Initial Capacity: 126M
 Heap Max Capacity: 2G
 Pre-touch: Disabled
 Parallel Workers: 8
 Concurrent Workers: 2
 Concurrent Refinement Workers: 8
 Periodic GC: Disabled
Heap:
 garbage-first heap   total 360448K, used 246074K [0x0000000080000000, 0x0000000100000000)
  region size 1024K, 26 young (26624K), 7 survivors (7168K)
 Metaspace       used 109896K, committed 111424K, reserved 520192K
  class space    used 14759K, committed 15488K, reserved 421888K
GC Heap History (20 events):
Event: 119.370 GC heap before
{Heap before GC invocations=60 (full 0):
 garbage-first heap   total 256000K, used 211457K [0x0000000080000000, 0x0000000100000000)
  region size 1024K, 63 young (64512K), 4 survivors (4096K)
 Metaspace       used 99831K, committed 101120K, reserved 512000K
  class space    used 13556K, committed 14144K, reserved 421888K
}
Event: 119.380 GC heap after
{Heap after GC invocations=61 (full 0):
 garbage-first heap   total 256000K, used 159105K [0x0000000080000000, 0x0000000100000000)
  region size 1024K, 8 young (8192K), 8 survivors (8192K)
 Metaspace       used 99831K, committed 101120K, reserved 512000K
  class space    used 13556K, committed 14144K, reserved 421888K
}
Event: 120.291 GC heap before
{Heap before GC invocations=61 (full 0):
 garbage-first heap   total 256000K, used 211329K [0x0000000080000000, 0x0000000100000000)
  region size 1024K, 59 young (60416K), 8 survivors (8192K)
 Metaspace       used 102033K, committed 103232K, reserved 512000K
  class space    used 13787K, committed 14336K, reserved 421888K
}
Event: 120.306 GC heap after
{Heap after GC invocations=62 (full 0):
 garbage-first heap   total 256000K, used 167936K [0x0000000080000000, 0x0000000100000000)
  region size 1024K, 8 young (8192K), 8 survivors (8192K)
 Metaspace       used 102033K, committed 103232K, reserved 512000K
  class space    used 13787K, committed 14336K, reserved 421888K
}
Event: 121.687 GC heap before
{Heap before GC invocations=63 (full 0):
 garbage-first heap   total 293888K, used 209920K [0x0000000080000000, 0x0000000100000000)
  region size 1024K, 49 young (50176K), 8 survivors (8192K)
 Metaspace       used 102258K, committed 103488K, reserved 512000K
  class space    used 13789K, committed 14336K, reserved 421888K
}
Event: 121.699 GC heap after
{Heap after GC invocations=64 (full 0):
 garbage-first heap   total 293888K, used 173969K [0x0000000080000000, 0x0000000100000000)
  region size 1024K, 6 young (6144K), 6 survivors (6144K)
 Metaspace       used 102258K, committed 103488K, reserved 512000K
  class space    used 13789K, committed 14336K, reserved 421888K
}
Event: 122.699 GC heap before
{Heap before GC invocations=64 (full 0):
 garbage-first heap   total 293888K, used 237457K [0x0000000080000000, 0x0000000100000000)
  region size 1024K, 68 young (69632K), 6 survivors (6144K)
 Metaspace       used 104977K, committed 106240K, reserved 520192K
  class space    used 14103K, committed 14656K, reserved 421888K
}
Event: 122.711 GC heap after
{Heap after GC invocations=65 (full 0):
 garbage-first heap   total 293888K, used 179361K [0x0000000080000000, 0x0000000100000000)
  region size 1024K, 7 young (7168K), 7 survivors (7168K)
 Metaspace       used 104977K, committed 106240K, reserved 520192K
  class space    used 14103K, committed 14656K, reserved 421888K
}
Event: 127.631 GC heap before
{Heap before GC invocations=66 (full 0):
 garbage-first heap   total 322560K, used 240801K [0x0000000080000000, 0x0000000100000000)
  region size 1024K, 67 young (68608K), 7 survivors (7168K)
 Metaspace       used 105583K, committed 106880K, reserved 520192K
  class space    used 14207K, committed 14848K, reserved 421888K
}
Event: 127.646 GC heap after
{Heap after GC invocations=67 (full 0):
 garbage-first heap   total 322560K, used 187684K [0x0000000080000000, 0x0000000100000000)
  region size 1024K, 9 young (9216K), 9 survivors (9216K)
 Metaspace       used 105583K, committed 106880K, reserved 520192K
  class space    used 14207K, committed 14848K, reserved 421888K
}
Event: 132.917 GC heap before
{Heap before GC invocations=67 (full 0):
 garbage-first heap   total 322560K, used 260388K [0x0000000080000000, 0x0000000100000000)
  region size 1024K, 81 young (82944K), 9 survivors (9216K)
 Metaspace       used 106209K, committed 107584K, reserved 520192K
  class space    used 14324K, committed 14976K, reserved 421888K
}
Event: 132.939 GC heap after
{Heap after GC invocations=68 (full 0):
 garbage-first heap   total 322560K, used 198058K [0x0000000080000000, 0x0000000100000000)
  region size 1024K, 11 young (11264K), 11 survivors (11264K)
 Metaspace       used 106209K, committed 107584K, reserved 520192K
  class space    used 14324K, committed 14976K, reserved 421888K
}
Event: 134.590 GC heap before
{Heap before GC invocations=69 (full 0):
 garbage-first heap   total 358400K, used 260522K [0x0000000080000000, 0x0000000100000000)
  region size 1024K, 73 young (74752K), 11 survivors (11264K)
 Metaspace       used 106639K, committed 108032K, reserved 520192K
  class space    used 14351K, committed 15040K, reserved 421888K
}
Event: 134.640 GC heap after
{Heap after GC invocations=70 (full 0):
 garbage-first heap   total 358400K, used 203090K [0x0000000080000000, 0x0000000100000000)
  region size 1024K, 7 young (7168K), 7 survivors (7168K)
 Metaspace       used 106639K, committed 108032K, reserved 520192K
  class space    used 14351K, committed 15040K, reserved 421888K
}
Event: 136.901 GC heap before
{Heap before GC invocations=70 (full 0):
 garbage-first heap   total 358400K, used 291154K [0x0000000080000000, 0x0000000100000000)
  region size 1024K, 94 young (96256K), 7 survivors (7168K)
 Metaspace       used 107064K, committed 108544K, reserved 520192K
  class space    used 14390K, committed 15104K, reserved 421888K
}
Event: 136.912 GC heap after
{Heap after GC invocations=71 (full 0):
 garbage-first heap   total 358400K, used 208431K [0x0000000080000000, 0x0000000100000000)
  region size 1024K, 8 young (8192K), 8 survivors (8192K)
 Metaspace       used 107064K, committed 108544K, reserved 520192K
  class space    used 14390K, committed 15104K, reserved 421888K
}
Event: 139.973 GC heap before
{Heap before GC invocations=72 (full 0):
 garbage-first heap   total 360448K, used 294447K [0x0000000080000000, 0x0000000100000000)
  region size 1024K, 93 young (95232K), 8 survivors (8192K)
 Metaspace       used 109429K, committed 110976K, reserved 520192K
  class space    used 14684K, committed 15424K, reserved 421888K
}
Event: 139.994 GC heap after
{Heap after GC invocations=73 (full 0):
 garbage-first heap   total 360448K, used 219968K [0x0000000080000000, 0x0000000100000000)
  region size 1024K, 12 young (12288K), 12 survivors (12288K)
 Metaspace       used 109429K, committed 110976K, reserved 520192K
  class space    used 14684K, committed 15424K, reserved 421888K
}
Event: 140.926 GC heap before
{Heap before GC invocations=73 (full 0):
 garbage-first heap   total 360448K, used 289600K [0x0000000080000000, 0x0000000100000000)
  region size 1024K, 82 young (83968K), 12 survivors (12288K)
 Metaspace       used 109858K, committed 111424K, reserved 520192K
  class space    used 14757K, committed 15488K, reserved 421888K
}
Event: 140.952 GC heap after
{Heap after GC invocations=74 (full 0):
 garbage-first heap   total 360448K, used 226618K [0x0000000080000000, 0x0000000100000000)
  region size 1024K, 7 young (7168K), 7 survivors (7168K)
 Metaspace       used 109858K, committed 111424K, reserved 520192K
  class space    used 14757K, committed 15488K, reserved 421888K
}

